<?xml version="1.0" encoding="UTF-8"?>
<!-- Generated by org.testng.reporters.JUnitReportReporter -->
<testsuite hostname="IRFAN" failures="0" tests="1" name="test.signupAccounntTest" time="27.726" errors="0" timestamp="2022-10-14T21:26:13 IST" skipped="0">
  <testcase classname="test.signupAccounntTest" name="newsignup" time="27.726"/>
  <system-out/>
</testsuite> <!-- test.signupAccounntTest -->
